# JRE version: OpenJDK Runtime Environment (22.0.2+9) (build 22.0.2+9-70)
# Java VM: OpenJDK 64-Bit Server VM (22.0.2+9-70, mixed mode, sharing, tiered, compressed oops, compressed class ptrs, g1 gc, windows-amd64)
GC Precious Log:
 CardTable entry size: 512
 Card Set container configuration: InlinePtr #cards 4 size 8 Array Of Cards #cards 32 size 80 Howl #buckets 8 coarsen threshold 7372 Howl Bitmap #cards 1024 size 144 coarsen threshold 921 Card regions per heap region 1 cards per card region 8192
 CPUs: 16 total, 16 available
 Memory: 32471M
 Large Page Support: Disabled
 NUMA Support: Disabled
 Compressed Oops: Enabled (Zero based)
 Heap Region Size: 4M
 Heap Min Capacity: 8M
 Heap Initial Capacity: 508M
 Heap Max Capacity: 8120M
 Pre-touch: Disabled
 Parallel Workers: 13
 Concurrent Workers: 3
 Concurrent Refinement Workers: 13
 Periodic GC: Disabled
Heap:
 garbage-first heap   total reserved 8314880K, committed 65536K, used 29805K [0x0000000604800000, 0x0000000800000000)
  region size 4096K, 5 young (20480K), 1 survivors (4096K)
 Metaspace       used 37503K, committed 38144K, reserved 1114112K
  class space    used 4758K, committed 5056K, reserved 1048576K
GC Heap History (12 events):
Event: 0.490 GC heap before
{Heap before GC invocations=0 (full 0):
 garbage-first heap   total reserved 8314880K, committed 520192K, used 24576K [0x0000000604800000, 0x0000000800000000)
  region size 4096K, 6 young (24576K), 0 survivors (0K)
 Metaspace       used 8660K, committed 8896K, reserved 1114112K
  class space    used 967K, committed 1088K, reserved 1048576K
}
Event: 0.494 GC heap after
{Heap after GC invocations=1 (full 0):
 garbage-first heap   total reserved 8314880K, committed 520192K, used 5510K [0x0000000604800000, 0x0000000800000000)
  region size 4096K, 1 young (4096K), 1 survivors (4096K)
 Metaspace       used 8660K, committed 8896K, reserved 1114112K
  class space    used 967K, committed 1088K, reserved 1048576K
}
Event: 0.891 GC heap before
{Heap before GC invocations=1 (full 0):
 garbage-first heap   total reserved 8314880K, committed 520192K, used 30086K [0x0000000604800000, 0x0000000800000000)
  region size 4096K, 7 young (28672K), 1 survivors (4096K)
 Metaspace       used 14964K, committed 15360K, reserved 1114112K
  class space    used 1750K, committed 1920K, reserved 1048576K
}
Event: 0.894 GC heap after
{Heap after GC invocations=2 (full 0):
 garbage-first heap   total reserved 8314880K, committed 520192K, used 8411K [0x0000000604800000, 0x0000000800000000)
  region size 4096K, 1 young (4096K), 1 survivors (4096K)
 Metaspace       used 14964K, committed 15360K, reserved 1114112K
  class space    used 1750K, committed 1920K, reserved 1048576K
}
Event: 1.171 GC heap before
{Heap before GC invocations=2 (full 0):
 garbage-first heap   total reserved 8314880K, committed 520192K, used 32987K [0x0000000604800000, 0x0000000800000000)
  region size 4096K, 8 young (32768K), 1 survivors (4096K)
 Metaspace       used 21174K, committed 21504K, reserved 1114112K
  class space    used 2590K, committed 2752K, reserved 1048576K
}
Event: 1.173 GC heap after
{Heap after GC invocations=3 (full 0):
 garbage-first heap   total reserved 8314880K, committed 520192K, used 10379K [0x0000000604800000, 0x0000000800000000)
  region size 4096K, 2 young (8192K), 2 survivors (8192K)
 Metaspace       used 21174K, committed 21504K, reserved 1114112K
  class space    used 2590K, committed 2752K, reserved 1048576K
}
Event: 1.713 GC heap before
{Heap before GC invocations=4 (full 0):
 garbage-first heap   total reserved 8314880K, committed 57344K, used 51339K [0x0000000604800000, 0x0000000800000000)
  region size 4096K, 12 young (49152K), 2 survivors (8192K)
 Metaspace       used 27039K, committed 27648K, reserved 1114112K
  class space    used 3378K, committed 3648K, reserved 1048576K
}
Event: 1.718 GC heap after
{Heap after GC invocations=5 (full 0):
 garbage-first heap   total reserved 8314880K, committed 65536K, used 13854K [0x0000000604800000, 0x0000000800000000)
  region size 4096K, 2 young (8192K), 2 survivors (8192K)
 Metaspace       used 27039K, committed 27648K, reserved 1114112K
  class space    used 3378K, committed 3648K, reserved 1048576K
}
Event: 2.013 GC heap before
{Heap before GC invocations=5 (full 0):
 garbage-first heap   total reserved 8314880K, committed 65536K, used 42526K [0x0000000604800000, 0x0000000800000000)
  region size 4096K, 9 young (36864K), 2 survivors (8192K)
 Metaspace       used 30392K, committed 30976K, reserved 1114112K
  class space    used 3835K, committed 4096K, reserved 1048576K
}
Event: 2.017 GC heap after
{Heap after GC invocations=6 (full 0):
 garbage-first heap   total reserved 8314880K, committed 65536K, used 15527K [0x0000000604800000, 0x0000000800000000)
  region size 4096K, 2 young (8192K), 2 survivors (8192K)
 Metaspace       used 30392K, committed 30976K, reserved 1114112K
  class space    used 3835K, committed 4096K, reserved 1048576K
}
Event: 2.356 GC heap before
{Heap before GC invocations=6 (full 0):
 garbage-first heap   total reserved 8314880K, committed 65536K, used 36007K [0x0000000604800000, 0x0000000800000000)
  region size 4096K, 8 young (32768K), 2 survivors (8192K)
 Metaspace       used 35466K, committed 36096K, reserved 1114112K
  class space    used 4485K, committed 4736K, reserved 1048576K
}
Event: 2.359 GC heap after
{Heap after GC invocations=7 (full 0):
 garbage-first heap   total reserved 8314880K, committed 65536K, used 17517K [0x0000000604800000, 0x0000000800000000)
  region size 4096K, 1 young (4096K), 1 survivors (4096K)
 Metaspace       used 35466K, committed 36096K, reserved 1114112K
  class space    used 4485K, committed 4736K, reserved 1048576K
}

