# JRE version: OpenJDK Runtime Environment (22.0.2+9) (build 22.0.2+9-70)
# Java VM: OpenJDK 64-Bit Server VM (22.0.2+9-70, mixed mode, sharing, tiered, compressed oops, compressed class ptrs, g1 gc, windows-amd64)
GC Precious Log:
 CardTable entry size: 512
 Card Set container configuration: InlinePtr #cards 4 size 8 Array Of Cards #cards 32 size 80 Howl #buckets 8 coarsen threshold 7372 Howl Bitmap #cards 1024 size 144 coarsen threshold 921 Card regions per heap region 1 cards per card region 8192
 CPUs: 16 total, 16 available
 Memory: 32471M
 Large Page Support: Disabled
 NUMA Support: Disabled
 Compressed Oops: Enabled (Zero based)
 Heap Region Size: 4M
 Heap Min Capacity: 8M
 Heap Initial Capacity: 508M
 Heap Max Capacity: 8120M
 Pre-touch: Disabled
 Parallel Workers: 13
 Concurrent Workers: 3
 Concurrent Refinement Workers: 13
 Periodic GC: Disabled
Heap:
 garbage-first heap   total reserved 8314880K, committed 57344K, used 36212K [0x0000000604800000, 0x0000000800000000)
  region size 4096K, 6 young (24576K), 1 survivors (4096K)
 Metaspace       used 44936K, committed 45568K, reserved 1114112K
  class space    used 5595K, committed 5888K, reserved 1048576K
GC Heap History (16 events):
Event: 0.341 GC heap before
{Heap before GC invocations=0 (full 0):
 garbage-first heap   total reserved 8314880K, committed 520192K, used 24576K [0x0000000604800000, 0x0000000800000000)
  region size 4096K, 6 young (24576K), 0 survivors (0K)
 Metaspace       used 8763K, committed 9088K, reserved 1114112K
  class space    used 983K, committed 1152K, reserved 1048576K
}
Event: 0.344 GC heap after
{Heap after GC invocations=1 (full 0):
 garbage-first heap   total reserved 8314880K, committed 520192K, used 5483K [0x0000000604800000, 0x0000000800000000)
  region size 4096K, 1 young (4096K), 1 survivors (4096K)
 Metaspace       used 8763K, committed 9088K, reserved 1114112K
  class space    used 983K, committed 1152K, reserved 1048576K
}
Event: 0.630 GC heap before
{Heap before GC invocations=1 (full 0):
 garbage-first heap   total reserved 8314880K, committed 520192K, used 30059K [0x0000000604800000, 0x0000000800000000)
  region size 4096K, 7 young (28672K), 1 survivors (4096K)
 Metaspace       used 15011K, committed 15360K, reserved 1114112K
  class space    used 1760K, committed 1920K, reserved 1048576K
}
Event: 0.633 GC heap after
{Heap after GC invocations=2 (full 0):
 garbage-first heap   total reserved 8314880K, committed 520192K, used 8304K [0x0000000604800000, 0x0000000800000000)
  region size 4096K, 1 young (4096K), 1 survivors (4096K)
 Metaspace       used 15011K, committed 15360K, reserved 1114112K
  class space    used 1760K, committed 1920K, reserved 1048576K
}
Event: 0.886 GC heap before
{Heap before GC invocations=2 (full 0):
 garbage-first heap   total reserved 8314880K, committed 520192K, used 32880K [0x0000000604800000, 0x0000000800000000)
  region size 4096K, 8 young (32768K), 1 survivors (4096K)
 Metaspace       used 21170K, committed 21504K, reserved 1114112K
  class space    used 2587K, committed 2752K, reserved 1048576K
}
Event: 0.891 GC heap after
{Heap after GC invocations=3 (full 0):
 garbage-first heap   total reserved 8314880K, committed 520192K, used 10478K [0x0000000604800000, 0x0000000800000000)
  region size 4096K, 2 young (8192K), 2 survivors (8192K)
 Metaspace       used 21170K, committed 21504K, reserved 1114112K
  class space    used 2587K, committed 2752K, reserved 1048576K
}
Event: 1.204 GC heap before
{Heap before GC invocations=4 (full 0):
 garbage-first heap   total reserved 8314880K, committed 57344K, used 35054K [0x0000000604800000, 0x0000000800000000)
  region size 4096K, 8 young (32768K), 2 survivors (8192K)
 Metaspace       used 23776K, committed 24192K, reserved 1114112K
  class space    used 2907K, committed 3072K, reserved 1048576K
}
Event: 1.207 GC heap after
{Heap after GC invocations=5 (full 0):
 garbage-first heap   total reserved 8314880K, committed 57344K, used 12055K [0x0000000604800000, 0x0000000800000000)
  region size 4096K, 1 young (4096K), 1 survivors (4096K)
 Metaspace       used 23776K, committed 24192K, reserved 1114112K
  class space    used 2907K, committed 3072K, reserved 1048576K
}
Event: 1.530 GC heap before
{Heap before GC invocations=5 (full 0):
 garbage-first heap   total reserved 8314880K, committed 57344K, used 36631K [0x0000000604800000, 0x0000000800000000)
  region size 4096K, 7 young (28672K), 1 survivors (4096K)
 Metaspace       used 28157K, committed 28672K, reserved 1114112K
  class space    used 3534K, committed 3776K, reserved 1048576K
}
Event: 1.533 GC heap after
{Heap after GC invocations=6 (full 0):
 garbage-first heap   total reserved 8314880K, committed 57344K, used 14246K [0x0000000604800000, 0x0000000800000000)
  region size 4096K, 1 young (4096K), 1 survivors (4096K)
 Metaspace       used 28157K, committed 28672K, reserved 1114112K
  class space    used 3534K, committed 3776K, reserved 1048576K
}
Event: 1.948 GC heap before
{Heap before GC invocations=6 (full 0):
 garbage-first heap   total reserved 8314880K, committed 57344K, used 42918K [0x0000000604800000, 0x0000000800000000)
  region size 4096K, 8 young (32768K), 1 survivors (4096K)
 Metaspace       used 34702K, committed 35264K, reserved 1114112K
  class space    used 4366K, committed 4608K, reserved 1048576K
}
Event: 1.950 GC heap after
{Heap after GC invocations=7 (full 0):
 garbage-first heap   total reserved 8314880K, committed 57344K, used 16998K [0x0000000604800000, 0x0000000800000000)
  region size 4096K, 1 young (4096K), 1 survivors (4096K)
 Metaspace       used 34702K, committed 35264K, reserved 1114112K
  class space    used 4366K, committed 4608K, reserved 1048576K
}
Event: 2.005 GC heap before
{Heap before GC invocations=7 (full 0):
 garbage-first heap   total reserved 8314880K, committed 57344K, used 21094K [0x0000000604800000, 0x0000000800000000)
  region size 4096K, 3 young (12288K), 1 survivors (4096K)
 Metaspace       used 35500K, committed 36096K, reserved 1114112K
  class space    used 4476K, committed 4736K, reserved 1048576K
}
Event: 2.007 GC heap after
{Heap after GC invocations=8 (full 0):
 garbage-first heap   total reserved 8314880K, committed 57344K, used 17840K [0x0000000604800000, 0x0000000800000000)
  region size 4096K, 1 young (4096K), 1 survivors (4096K)
 Metaspace       used 35500K, committed 36096K, reserved 1114112K
  class space    used 4476K, committed 4736K, reserved 1048576K
}
Event: 14.804 GC heap before
{Heap before GC invocations=9 (full 0):
 garbage-first heap   total reserved 8314880K, committed 57344K, used 38320K [0x0000000604800000, 0x0000000800000000)
  region size 4096K, 7 young (28672K), 1 survivors (4096K)
 Metaspace       used 40673K, committed 41344K, reserved 1114112K
  class space    used 5155K, committed 5440K, reserved 1048576K
}
Event: 14.814 GC heap after
{Heap after GC invocations=10 (full 0):
 garbage-first heap   total reserved 8314880K, committed 57344K, used 19828K [0x0000000604800000, 0x0000000800000000)
  region size 4096K, 1 young (4096K), 1 survivors (4096K)
 Metaspace       used 40673K, committed 41344K, reserved 1114112K
  class space    used 5155K, committed 5440K, reserved 1048576K
}

